<?xml version="1.0" encoding="UTF-8"?>
<testsuite xmlns:xsi="http://www.w3.org/2001/XMLSchema-instance" xsi:noNamespaceSchemaLocation="https://maven.apache.org/surefire/maven-surefire-plugin/xsd/surefire-test-report.xsd" name="test.WebFluxTest" time="14.188" tests="6" errors="0" skipped="0" failures="0">
  <properties>
[...]
</properties>
  <testcase name="backpressureExample" classname="test.WebFluxTest" time="0.126"/>
  <testcase name="simpleFluxExample" classname="test.WebFluxTest" time="0.008"/>
  <testcase name="coldPublisherExample" classname="test.WebFluxTest" time="7.019"/>
  <testcase name="test" classname="test.WebFluxTest" time="0.003"/>
  <testcase name="publishSubscribeExample" classname="test.WebFluxTest" time="0.011"/>
  <testcase name="hotPublisherExample" classname="test.WebFluxTest" time="7.008"/>
</testsuite>